<?xml version="1.0" encoding="UTF-8"?>
<!-- Generated by org.testng.reporters.JUnitReportReporter -->
<testsuite hostname="DESKTOP-U2OTR99" failures="0" tests="3" name="com.ballarddesigns.Tests.BallardDesigns" time="15.864" errors="0" timestamp="2022-07-19T12:45:31 IDT" skipped="0">
  <testcase classname="com.ballarddesigns.Tests.BallardDesigns" name="LaunchApp" time="0.872"/>
  <system-out/>
  <testcase classname="com.ballarddesigns.Tests.BallardDesigns" name="NavigateToSignIn_Register" time="10.502"/>
  <system-out/>
  <testcase classname="com.ballarddesigns.Tests.BallardDesigns" name="EnterLoginDetails" time="4.490"/>
  <system-out/>
</testsuite> <!-- com.ballarddesigns.Tests.BallardDesigns -->
