<?xml version="1.0" encoding="UTF-8"?>
<!-- Generated by org.testng.reporters.JUnitReportReporter -->
<testsuite hostname="DESKTOP-U2OTR99" failures="0" tests="1" name="com.ballarddesigns.Tests.FirstTest" time="38.391" errors="0" timestamp="2022-07-18T14:18:35 IDT" skipped="0">
  <testcase classname="com.ballarddesigns.Tests.FirstTest" name="TestBallardDesigns" time="38.391"/>
  <system-out/>
</testsuite> <!-- com.ballarddesigns.Tests.FirstTest -->
