<?xml version="1.0" encoding="UTF-8"?>
<!-- Generated by org.testng.reporters.JUnitReportReporter -->
<testsuite hostname="DESKTOP-U2OTR99" failures="0" tests="3" name="com.ballarddesigns.demoTests.NewTest" time="0.010" errors="0" timestamp="2022-07-19T13:02:24 IDT" skipped="2">
  <testcase classname="com.ballarddesigns.demoTests.NewTest" name="test2" time="0.010"/>
  <system-out/>
  <testcase classname="com.ballarddesigns.demoTests.NewTest" name="test3">
    <skipped/>
  </testcase> <!-- test3 -->
  <system-out/>
  <testcase classname="com.ballarddesigns.demoTests.NewTest" name="test1">
    <skipped/>
  </testcase> <!-- test1 -->
  <system-out/>
</testsuite> <!-- com.ballarddesigns.demoTests.NewTest -->
