<?xml version="1.0" encoding="UTF-8"?>
<!-- Generated by org.testng.reporters.JUnitReportReporter -->
<testsuite hostname="DESKTOP-U2OTR99" failures="0" tests="6" name="com.ballarddesigns.Tests.FlightBookingTest" time="0.011" errors="0" timestamp="2022-07-19T12:29:22 IDT" skipped="0">
  <testcase classname="com.ballarddesigns.Tests.FlightBookingTest" name="Signup" time="0.009"/>
  <system-out/>
  <testcase classname="com.ballarddesigns.Tests.FlightBookingTest" name="Login" time="0.000"/>
  <system-out/>
  <testcase classname="com.ballarddesigns.Tests.FlightBookingTest" name="SearchForTheFlight" time="0.000"/>
  <system-out/>
  <testcase classname="com.ballarddesigns.Tests.FlightBookingTest" name="BookTheFlight" time="0.001"/>
  <system-out/>
  <testcase classname="com.ballarddesigns.Tests.FlightBookingTest" name="SaveTheTicket" time="0.001"/>
  <system-out/>
  <testcase classname="com.ballarddesigns.Tests.FlightBookingTest" name="Logout" time="0.000"/>
  <system-out/>
</testsuite> <!-- com.ballarddesigns.Tests.FlightBookingTest -->
