<?xml version="1.0" encoding="UTF-8"?>
<!-- Generated by org.testng.reporters.JUnitReportReporter -->
<testsuite hostname="DESKTOP-U2OTR99" failures="0" tests="3" name="com.ballarddesigns.demoTests.NewTest2" time="0.003" errors="0" timestamp="2022-07-19T12:55:48 IDT" skipped="0">
  <testcase classname="com.ballarddesigns.demoTests.NewTest2" name="test6" time="0.001"/>
  <system-out/>
  <testcase classname="com.ballarddesigns.demoTests.NewTest2" name="test4" time="0.001"/>
  <system-out/>
  <testcase classname="com.ballarddesigns.demoTests.NewTest2" name="test5" time="0.001"/>
  <system-out/>
</testsuite> <!-- com.ballarddesigns.demoTests.NewTest2 -->
