<?xml version="1.0" encoding="UTF-8"?>
<!-- Generated by org.testng.reporters.JUnitReportReporter -->
<testsuite hostname="DESKTOP-U2OTR99" failures="0" tests="1" name="TestClass" time="0.048" errors="0" timestamp="2022-07-18T09:47:14 IDT" skipped="0">
  <testcase classname="TestClass" name="foo" time="0.048"/>
  <system-out/>
</testsuite> <!-- TestClass -->
